2022-05-25 13:08:02.793  INFO 11836 --- [main] c.s.f.FactoryonboardingdumyApplication   : Starting FactoryonboardingdumyApplication using Java 17.0.2 on LAPTOP-36DVNVQS with PID 11836 (C:\Users\Devendra Malve\Desktop\Factory on Bording\Factory-Onboarding\target\classes started by Devendra Malve in C:\Users\Devendra Malve\Desktop\Factory on Bording\Factory-Onboarding)
2022-05-25 13:08:02.795  INFO 11836 --- [main] c.s.f.FactoryonboardingdumyApplication   : No active profile set, falling back to 1 default profile: "default"
2022-05-25 13:08:03.565  INFO 11836 --- [main] .s.d.r.c.RepositoryConfigurationDelegate : Bootstrapping Spring Data MongoDB repositories in DEFAULT mode.
2022-05-25 13:08:03.633  INFO 11836 --- [main] .s.d.r.c.RepositoryConfigurationDelegate : Finished Spring Data repository scanning in 63 ms. Found 2 MongoDB repository interfaces.
2022-05-25 13:08:04.285  INFO 11836 --- [main] o.s.b.w.embedded.tomcat.TomcatWebServer  : Tomcat initialized with port(s): 8080 (http)
2022-05-25 13:08:04.298  INFO 11836 --- [main] o.apache.catalina.core.StandardService   : Starting service [Tomcat]
2022-05-25 13:08:04.298  INFO 11836 --- [main] org.apache.catalina.core.StandardEngine  : Starting Servlet engine: [Apache Tomcat/9.0.62]
2022-05-25 13:08:04.530  INFO 11836 --- [main] o.a.c.c.C.[Tomcat].[localhost].[/]       : Initializing Spring embedded WebApplicationContext
2022-05-25 13:08:04.530  INFO 11836 --- [main] w.s.c.ServletWebServerApplicationContext : Root WebApplicationContext: initialization completed in 1663 ms
2022-05-25 13:08:04.742  INFO 11836 --- [main] org.mongodb.driver.cluster               : Cluster created with settings {hosts=[localhost:27017], mode=SINGLE, requiredClusterType=UNKNOWN, serverSelectionTimeout='30000 ms'}
2022-05-25 13:08:04.816  INFO 11836 --- [cluster-rtt-ClusterId{value='628ddcdcb3cf524a6cb87d65', description='null'}-localhost:27017] org.mongodb.driver.connection            : Opened connection [connectionId{localValue:1, serverValue:6}] to localhost:27017
2022-05-25 13:08:04.816  INFO 11836 --- [cluster-ClusterId{value='628ddcdcb3cf524a6cb87d65', description='null'}-localhost:27017] org.mongodb.driver.connection            : Opened connection [connectionId{localValue:2, serverValue:7}] to localhost:27017
2022-05-25 13:08:04.817  INFO 11836 --- [cluster-ClusterId{value='628ddcdcb3cf524a6cb87d65', description='null'}-localhost:27017] org.mongodb.driver.cluster               : Monitor thread successfully connected to server with description ServerDescription{address=localhost:27017, type=STANDALONE, state=CONNECTED, ok=true, minWireVersion=0, maxWireVersion=13, maxDocumentSize=16777216, logicalSessionTimeoutMinutes=30, roundTripTimeNanos=19469100}
2022-05-25 13:08:05.369  INFO 11836 --- [main] o.s.b.w.embedded.tomcat.TomcatWebServer  : Tomcat started on port(s): 8080 (http) with context path ''
2022-05-25 13:08:05.378  INFO 11836 --- [main] c.s.f.FactoryonboardingdumyApplication   : Started FactoryonboardingdumyApplication in 3.161 seconds (JVM running for 3.764)
2022-05-25 13:08:24.768  INFO 11836 --- [http-nio-8080-exec-4] o.a.c.c.C.[Tomcat].[localhost].[/]       : Initializing Spring DispatcherServlet 'dispatcherServlet'
2022-05-25 13:08:24.768  INFO 11836 --- [http-nio-8080-exec-4] o.s.web.servlet.DispatcherServlet        : Initializing Servlet 'dispatcherServlet'
2022-05-25 13:08:24.769  INFO 11836 --- [http-nio-8080-exec-4] o.s.web.servlet.DispatcherServlet        : Completed initialization in 1 ms
2022-05-25 13:08:24.873  INFO 11836 --- [http-nio-8080-exec-4] c.s.f.controller.FactoryController       : addFactory()Succesfully called
2022-05-25 13:08:24.873  INFO 11836 --- [http-nio-8080-exec-4] c.s.f.service.FactoryOnboardingIMPL      : addFactory()called in Impl
2022-05-25 13:08:24.955  INFO 11836 --- [http-nio-8080-exec-4] org.mongodb.driver.connection            : Opened connection [connectionId{localValue:3, serverValue:8}] to localhost:27017
2022-05-25 13:08:34.184  INFO 11836 --- [http-nio-8080-exec-2] c.s.f.controller.FactoryController       : getFactorydata()Succesfully called
2022-05-25 13:08:34.184  INFO 11836 --- [http-nio-8080-exec-2] c.s.f.service.FactoryOnboardingIMPL      : findById()called in Impl
2022-05-25 13:08:55.609  INFO 11836 --- [http-nio-8080-exec-3] c.s.f.controller.FactoryController       : updateFactory()Succesfully called
2022-05-25 13:08:55.610  INFO 11836 --- [http-nio-8080-exec-3] c.s.f.service.FactoryOnboardingIMPL      : updateFactory()called in Impl
2022-05-25 13:09:07.611  INFO 11836 --- [http-nio-8080-exec-5] c.s.f.c.FactoryProductContoller          : addFactoryProduct() Succesfully called
2022-05-25 13:09:07.612  INFO 11836 --- [http-nio-8080-exec-5] c.s.f.service.FactoryProductImpl         : addFactoryProduct()called in Impl
2022-05-25 13:09:19.092  INFO 11836 --- [http-nio-8080-exec-6] c.s.f.c.FactoryProductContoller          : getFactoryProductById() Succesfully called
2022-05-25 13:09:19.093  INFO 11836 --- [http-nio-8080-exec-6] c.s.f.service.FactoryProductImpl         : findById()called in Impl
2022-05-25 13:09:24.224  INFO 11836 --- [http-nio-8080-exec-7] c.s.f.c.FactoryProductContoller          : getFactoryPoductDataList()Succesfully called
2022-05-25 13:09:24.224  INFO 11836 --- [http-nio-8080-exec-7] c.s.f.service.FactoryProductImpl         : findAll()called in Impl
2022-05-25 13:11:21.097  INFO 15416 --- [main] c.s.f.FactoryonboardingdumyApplication   : Starting FactoryonboardingdumyApplication using Java 17.0.2 on LAPTOP-36DVNVQS with PID 15416 (C:\Users\Devendra Malve\Desktop\Factory on Bording\Factory-Onboarding\target\classes started by Devendra Malve in C:\Users\Devendra Malve\Desktop\Factory on Bording\Factory-Onboarding)
2022-05-25 13:11:21.099  INFO 15416 --- [main] c.s.f.FactoryonboardingdumyApplication   : No active profile set, falling back to 1 default profile: "default"
2022-05-25 13:11:21.899  INFO 15416 --- [main] .s.d.r.c.RepositoryConfigurationDelegate : Bootstrapping Spring Data MongoDB repositories in DEFAULT mode.
2022-05-25 13:11:21.976  INFO 15416 --- [main] .s.d.r.c.RepositoryConfigurationDelegate : Finished Spring Data repository scanning in 72 ms. Found 2 MongoDB repository interfaces.
2022-05-25 13:11:22.802  INFO 15416 --- [main] o.s.b.w.embedded.tomcat.TomcatWebServer  : Tomcat initialized with port(s): 8080 (http)
2022-05-25 13:11:22.816  INFO 15416 --- [main] o.apache.catalina.core.StandardService   : Starting service [Tomcat]
2022-05-25 13:11:22.816  INFO 15416 --- [main] org.apache.catalina.core.StandardEngine  : Starting Servlet engine: [Apache Tomcat/9.0.62]
2022-05-25 13:11:23.062  INFO 15416 --- [main] o.a.c.c.C.[Tomcat].[localhost].[/]       : Initializing Spring embedded WebApplicationContext
2022-05-25 13:11:23.062  INFO 15416 --- [main] w.s.c.ServletWebServerApplicationContext : Root WebApplicationContext: initialization completed in 1893 ms
2022-05-25 13:11:23.295  INFO 15416 --- [main] org.mongodb.driver.cluster               : Cluster created with settings {hosts=[localhost:27017], mode=SINGLE, requiredClusterType=UNKNOWN, serverSelectionTimeout='30000 ms'}
2022-05-25 13:11:23.381  INFO 15416 --- [cluster-ClusterId{value='628ddda358cb767cf889e6ce', description='null'}-localhost:27017] org.mongodb.driver.connection            : Opened connection [connectionId{localValue:2, serverValue:10}] to localhost:27017
2022-05-25 13:11:23.381  INFO 15416 --- [cluster-rtt-ClusterId{value='628ddda358cb767cf889e6ce', description='null'}-localhost:27017] org.mongodb.driver.connection            : Opened connection [connectionId{localValue:1, serverValue:9}] to localhost:27017
2022-05-25 13:11:23.382  INFO 15416 --- [cluster-ClusterId{value='628ddda358cb767cf889e6ce', description='null'}-localhost:27017] org.mongodb.driver.cluster               : Monitor thread successfully connected to server with description ServerDescription{address=localhost:27017, type=STANDALONE, state=CONNECTED, ok=true, minWireVersion=0, maxWireVersion=13, maxDocumentSize=16777216, logicalSessionTimeoutMinutes=30, roundTripTimeNanos=24637100}
2022-05-25 13:11:23.957  INFO 15416 --- [main] o.s.b.w.embedded.tomcat.TomcatWebServer  : Tomcat started on port(s): 8080 (http) with context path ''
2022-05-25 13:11:23.966  INFO 15416 --- [main] c.s.f.FactoryonboardingdumyApplication   : Started FactoryonboardingdumyApplication in 3.438 seconds (JVM running for 3.98)
2022-05-25 13:11:40.873  INFO 15416 --- [http-nio-8080-exec-1] o.a.c.c.C.[Tomcat].[localhost].[/]       : Initializing Spring DispatcherServlet 'dispatcherServlet'
2022-05-25 13:11:40.874  INFO 15416 --- [http-nio-8080-exec-1] o.s.web.servlet.DispatcherServlet        : Initializing Servlet 'dispatcherServlet'
2022-05-25 13:11:40.875  INFO 15416 --- [http-nio-8080-exec-1] o.s.web.servlet.DispatcherServlet        : Completed initialization in 1 ms
2022-05-25 13:11:40.905  INFO 15416 --- [http-nio-8080-exec-1] c.s.f.controller.FactoryController       : deleteFactory()Succesfully called
2022-05-25 13:11:40.906  INFO 15416 --- [http-nio-8080-exec-1] c.s.f.service.FactoryOnboardingIMPL      : deleteFactory()called in Impl
2022-05-25 13:11:40.973  INFO 15416 --- [http-nio-8080-exec-1] org.mongodb.driver.connection            : Opened connection [connectionId{localValue:3, serverValue:11}] to localhost:27017
2022-05-26 07:07:35.644  INFO 19624 --- [main] .f.FactoryonboardingdumyApplicationTests : Starting FactoryonboardingdumyApplicationTests using Java 17.0.2 on LAPTOP-36DVNVQS with PID 19624 (started by Devendra Malve in C:\Users\Devendra Malve\Desktop\Aws\Project\deven_project\Factory on Bordingg\Factory on Bording\Factory-Onboarding)
2022-05-26 07:07:35.646  INFO 19624 --- [main] .f.FactoryonboardingdumyApplicationTests : No active profile set, falling back to 1 default profile: "default"
2022-05-26 07:07:36.536  INFO 19624 --- [main] .s.d.r.c.RepositoryConfigurationDelegate : Bootstrapping Spring Data MongoDB repositories in DEFAULT mode.
2022-05-26 07:07:36.616  INFO 19624 --- [main] .s.d.r.c.RepositoryConfigurationDelegate : Finished Spring Data repository scanning in 72 ms. Found 3 MongoDB repository interfaces.
2022-05-26 07:07:37.393  INFO 19624 --- [main] org.mongodb.driver.cluster               : Cluster created with settings {hosts=[localhost:27017], mode=SINGLE, requiredClusterType=UNKNOWN, serverSelectionTimeout='30000 ms'}
2022-05-26 07:07:37.513  INFO 19624 --- [cluster-ClusterId{value='628ed9e1220e0147a3a7caf9', description='null'}-localhost:27017] org.mongodb.driver.connection            : Opened connection [connectionId{localValue:2, serverValue:13}] to localhost:27017
2022-05-26 07:07:37.513  INFO 19624 --- [cluster-rtt-ClusterId{value='628ed9e1220e0147a3a7caf9', description='null'}-localhost:27017] org.mongodb.driver.connection            : Opened connection [connectionId{localValue:1, serverValue:12}] to localhost:27017
2022-05-26 07:07:37.514  INFO 19624 --- [cluster-ClusterId{value='628ed9e1220e0147a3a7caf9', description='null'}-localhost:27017] org.mongodb.driver.cluster               : Monitor thread successfully connected to server with description ServerDescription{address=localhost:27017, type=STANDALONE, state=CONNECTED, ok=true, minWireVersion=0, maxWireVersion=13, maxDocumentSize=16777216, logicalSessionTimeoutMinutes=30, roundTripTimeNanos=34136099}
2022-05-26 07:07:39.516  INFO 19624 --- [main] .f.FactoryonboardingdumyApplicationTests : Started FactoryonboardingdumyApplicationTests in 4.349 seconds (JVM running for 5.758)
2022-05-26 07:11:52.754  INFO 23088 --- [main] .f.FactoryonboardingdumyApplicationTests : Starting FactoryonboardingdumyApplicationTests using Java 17.0.2 on LAPTOP-36DVNVQS with PID 23088 (started by Devendra Malve in C:\Users\Devendra Malve\Desktop\Aws\Project\deven_project\Factory on Bordingg\Factory on Bording\Factory-Onboarding)
2022-05-26 07:11:52.756  INFO 23088 --- [main] .f.FactoryonboardingdumyApplicationTests : No active profile set, falling back to 1 default profile: "default"
2022-05-26 07:11:53.576  INFO 23088 --- [main] .s.d.r.c.RepositoryConfigurationDelegate : Bootstrapping Spring Data MongoDB repositories in DEFAULT mode.
2022-05-26 07:11:53.638  INFO 23088 --- [main] .s.d.r.c.RepositoryConfigurationDelegate : Finished Spring Data repository scanning in 56 ms. Found 3 MongoDB repository interfaces.
2022-05-26 07:11:54.281  INFO 23088 --- [main] org.mongodb.driver.cluster               : Cluster created with settings {hosts=[localhost:27017], mode=SINGLE, requiredClusterType=UNKNOWN, serverSelectionTimeout='30000 ms'}
2022-05-26 07:11:54.392  INFO 23088 --- [cluster-ClusterId{value='628edae2a42054305fed7672', description='null'}-localhost:27017] org.mongodb.driver.connection            : Opened connection [connectionId{localValue:2, serverValue:15}] to localhost:27017
2022-05-26 07:11:54.392  INFO 23088 --- [cluster-rtt-ClusterId{value='628edae2a42054305fed7672', description='null'}-localhost:27017] org.mongodb.driver.connection            : Opened connection [connectionId{localValue:1, serverValue:14}] to localhost:27017
2022-05-26 07:11:54.393  INFO 23088 --- [cluster-ClusterId{value='628edae2a42054305fed7672', description='null'}-localhost:27017] org.mongodb.driver.cluster               : Monitor thread successfully connected to server with description ServerDescription{address=localhost:27017, type=STANDALONE, state=CONNECTED, ok=true, minWireVersion=0, maxWireVersion=13, maxDocumentSize=16777216, logicalSessionTimeoutMinutes=30, roundTripTimeNanos=38373900}
2022-05-26 07:11:56.374  INFO 23088 --- [main] .f.FactoryonboardingdumyApplicationTests : Started FactoryonboardingdumyApplicationTests in 4.046 seconds (JVM running for 7.109)
2022-05-26 07:53:54.837  INFO 2356 --- [main] .f.FactoryonboardingdumyApplicationTests : Starting FactoryonboardingdumyApplicationTests using Java 17.0.2 on LAPTOP-36DVNVQS with PID 2356 (started by Devendra Malve in C:\Users\Devendra Malve\Desktop\Aws\Project\deven_project\Factory on Bordingg\Factory on Bording\Factory-Onboarding)
2022-05-26 07:53:54.839  INFO 2356 --- [main] .f.FactoryonboardingdumyApplicationTests : No active profile set, falling back to 1 default profile: "default"
2022-05-26 07:53:55.682  INFO 2356 --- [main] .s.d.r.c.RepositoryConfigurationDelegate : Bootstrapping Spring Data MongoDB repositories in DEFAULT mode.
2022-05-26 07:53:55.772  INFO 2356 --- [main] .s.d.r.c.RepositoryConfigurationDelegate : Finished Spring Data repository scanning in 83 ms. Found 3 MongoDB repository interfaces.
2022-05-26 07:53:56.487  INFO 2356 --- [main] org.mongodb.driver.cluster               : Cluster created with settings {hosts=[localhost:27017], mode=SINGLE, requiredClusterType=UNKNOWN, serverSelectionTimeout='30000 ms'}
2022-05-26 07:53:56.608  INFO 2356 --- [cluster-rtt-ClusterId{value='628ee4bcf593712f0e0a7f8e', description='null'}-localhost:27017] org.mongodb.driver.connection            : Opened connection [connectionId{localValue:1, serverValue:21}] to localhost:27017
2022-05-26 07:53:56.608  INFO 2356 --- [cluster-ClusterId{value='628ee4bcf593712f0e0a7f8e', description='null'}-localhost:27017] org.mongodb.driver.connection            : Opened connection [connectionId{localValue:2, serverValue:20}] to localhost:27017
2022-05-26 07:53:56.609  INFO 2356 --- [cluster-ClusterId{value='628ee4bcf593712f0e0a7f8e', description='null'}-localhost:27017] org.mongodb.driver.cluster               : Monitor thread successfully connected to server with description ServerDescription{address=localhost:27017, type=STANDALONE, state=CONNECTED, ok=true, minWireVersion=0, maxWireVersion=13, maxDocumentSize=16777216, logicalSessionTimeoutMinutes=30, roundTripTimeNanos=36960200}
2022-05-26 07:53:58.686  INFO 2356 --- [main] .f.FactoryonboardingdumyApplicationTests : Started FactoryonboardingdumyApplicationTests in 4.327 seconds (JVM running for 5.706)
2022-05-26 14:58:30.097  INFO 18828 --- [main] .f.FactoryonboardingdumyApplicationTests : Starting FactoryonboardingdumyApplicationTests using Java 17.0.2 on LAPTOP-36DVNVQS with PID 18828 (started by Devendra Malve in C:\Users\Devendra Malve\Desktop\Aws\Project\deven_project\Factory on Bordingg\Factory on Bording\Factory-Onboarding)
2022-05-26 14:58:30.100  INFO 18828 --- [main] .f.FactoryonboardingdumyApplicationTests : No active profile set, falling back to 1 default profile: "default"
2022-05-26 14:58:30.993  INFO 18828 --- [main] .s.d.r.c.RepositoryConfigurationDelegate : Bootstrapping Spring Data MongoDB repositories in DEFAULT mode.
2022-05-26 14:58:31.086  INFO 18828 --- [main] .s.d.r.c.RepositoryConfigurationDelegate : Finished Spring Data repository scanning in 86 ms. Found 3 MongoDB repository interfaces.
2022-05-26 14:58:31.795  INFO 18828 --- [main] org.mongodb.driver.cluster               : Cluster created with settings {hosts=[localhost:27017], mode=SINGLE, requiredClusterType=UNKNOWN, serverSelectionTimeout='30000 ms'}
2022-05-26 14:58:31.916  INFO 18828 --- [cluster-ClusterId{value='628f483fae13f01dac17fced', description='null'}-localhost:27017] org.mongodb.driver.connection            : Opened connection [connectionId{localValue:2, serverValue:22}] to localhost:27017
2022-05-26 14:58:31.917  INFO 18828 --- [cluster-ClusterId{value='628f483fae13f01dac17fced', description='null'}-localhost:27017] org.mongodb.driver.cluster               : Monitor thread successfully connected to server with description ServerDescription{address=localhost:27017, type=STANDALONE, state=CONNECTED, ok=true, minWireVersion=0, maxWireVersion=13, maxDocumentSize=16777216, logicalSessionTimeoutMinutes=30, roundTripTimeNanos=41065200}
2022-05-26 14:58:31.916  INFO 18828 --- [cluster-rtt-ClusterId{value='628f483fae13f01dac17fced', description='null'}-localhost:27017] org.mongodb.driver.connection            : Opened connection [connectionId{localValue:1, serverValue:23}] to localhost:27017
2022-05-26 14:58:34.081  INFO 18828 --- [main] .f.FactoryonboardingdumyApplicationTests : Started FactoryonboardingdumyApplicationTests in 4.485 seconds (JVM running for 6.01)
